# JRE version: OpenJDK Runtime Environment Microsoft-7208460 (11.0.18+10) (build 11.0.18+10-LTS)
# Java VM: OpenJDK 64-Bit Server VM Microsoft-7208460 (11.0.18+10-LTS, mixed mode, tiered, compressed oops, g1 gc, windows-amd64)
Heap:
 garbage-first heap   total 262144K, used 46991K [0x00000000e0000000, 0x0000000100000000)
  region size 1024K, 10 young (10240K), 7 survivors (7168K)
 Metaspace       used 59009K, capacity 60344K, committed 60416K, reserved 307200K
  class space    used 7512K, capacity 7926K, committed 7936K, reserved 253952K
GC Heap History (14 events):
Event: 0.719 GC heap before
{Heap before GC invocations=0 (full 0):
 garbage-first heap   total 262144K, used 28672K [0x00000000e0000000, 0x0000000100000000)
  region size 1024K, 24 young (24576K), 0 survivors (0K)
 Metaspace       used 10382K, capacity 10584K, committed 10624K, reserved 264192K
  class space    used 1065K, capacity 1125K, committed 1152K, reserved 253952K
}
Event: 0.723 GC heap after
{Heap after GC invocations=1 (full 0):
 garbage-first heap   total 262144K, used 7853K [0x00000000e0000000, 0x0000000100000000)
  region size 1024K, 3 young (3072K), 3 survivors (3072K)
 Metaspace       used 10382K, capacity 10584K, committed 10624K, reserved 264192K
  class space    used 1065K, capacity 1125K, committed 1152K, reserved 253952K
}
Event: 2.556 GC heap before
{Heap before GC invocations=1 (full 0):
 garbage-first heap   total 262144K, used 78509K [0x00000000e0000000, 0x0000000100000000)
  region size 1024K, 74 young (75776K), 3 survivors (3072K)
 Metaspace       used 20730K, capacity 21104K, committed 21248K, reserved 272384K
  class space    used 2572K, capacity 2709K, committed 2816K, reserved 253952K
}
Event: 2.564 GC heap after
{Heap after GC invocations=2 (full 0):
 garbage-first heap   total 262144K, used 15068K [0x00000000e0000000, 0x0000000100000000)
  region size 1024K, 11 young (11264K), 11 survivors (11264K)
 Metaspace       used 20730K, capacity 21104K, committed 21248K, reserved 272384K
  class space    used 2572K, capacity 2709K, committed 2816K, reserved 253952K
}
Event: 3.499 GC heap before
{Heap before GC invocations=3 (full 0):
 garbage-first heap   total 262144K, used 74460K [0x00000000e0000000, 0x0000000100000000)
  region size 1024K, 67 young (68608K), 11 survivors (11264K)
 Metaspace       used 31502K, capacity 32021K, committed 32256K, reserved 282624K
  class space    used 3846K, capacity 4066K, committed 4096K, reserved 253952K
}
Event: 3.511 GC heap after
{Heap after GC invocations=4 (full 0):
 garbage-first heap   total 262144K, used 19761K [0x00000000e0000000, 0x0000000100000000)
  region size 1024K, 5 young (5120K), 5 survivors (5120K)
 Metaspace       used 31502K, capacity 32021K, committed 32256K, reserved 282624K
  class space    used 3846K, capacity 4066K, committed 4096K, reserved 253952K
}
Event: 3.957 GC heap before
{Heap before GC invocations=4 (full 0):
 garbage-first heap   total 262144K, used 48433K [0x00000000e0000000, 0x0000000100000000)
  region size 1024K, 35 young (35840K), 5 survivors (5120K)
 Metaspace       used 35036K, capacity 35724K, committed 35840K, reserved 286720K
  class space    used 4273K, capacity 4463K, committed 4480K, reserved 253952K
}
Event: 3.965 GC heap after
{Heap after GC invocations=5 (full 0):
 garbage-first heap   total 262144K, used 21484K [0x00000000e0000000, 0x0000000100000000)
  region size 1024K, 7 young (7168K), 7 survivors (7168K)
 Metaspace       used 35036K, capacity 35724K, committed 35840K, reserved 286720K
  class space    used 4273K, capacity 4463K, committed 4480K, reserved 253952K
}
Event: 5.301 GC heap before
{Heap before GC invocations=6 (full 0):
 garbage-first heap   total 262144K, used 115692K [0x00000000e0000000, 0x0000000100000000)
  region size 1024K, 99 young (101376K), 7 survivors (7168K)
 Metaspace       used 42354K, capacity 43168K, committed 43392K, reserved 292864K
  class space    used 5458K, capacity 5701K, committed 5760K, reserved 253952K
}
Event: 5.309 GC heap after
{Heap after GC invocations=7 (full 0):
 garbage-first heap   total 262144K, used 25513K [0x00000000e0000000, 0x0000000100000000)
  region size 1024K, 11 young (11264K), 11 survivors (11264K)
 Metaspace       used 42354K, capacity 43168K, committed 43392K, reserved 292864K
  class space    used 5458K, capacity 5701K, committed 5760K, reserved 253952K
}
Event: 28.192 GC heap before
{Heap before GC invocations=7 (full 0):
 garbage-first heap   total 262144K, used 169897K [0x00000000e0000000, 0x0000000100000000)
  region size 1024K, 152 young (155648K), 11 survivors (11264K)
 Metaspace       used 56203K, capacity 57500K, committed 57600K, reserved 305152K
  class space    used 7235K, capacity 7612K, committed 7680K, reserved 253952K
}
Event: 28.208 GC heap after
{Heap after GC invocations=8 (full 0):
 garbage-first heap   total 262144K, used 38931K [0x00000000e0000000, 0x0000000100000000)
  region size 1024K, 19 young (19456K), 19 survivors (19456K)
 Metaspace       used 56203K, capacity 57500K, committed 57600K, reserved 305152K
  class space    used 7235K, capacity 7612K, committed 7680K, reserved 253952K
}
Event: 55.212 GC heap before
{Heap before GC invocations=8 (full 0):
 garbage-first heap   total 262144K, used 82963K [0x00000000e0000000, 0x0000000100000000)
  region size 1024K, 63 young (64512K), 19 survivors (19456K)
 Metaspace       used 58554K, capacity 59890K, committed 59904K, reserved 307200K
  class space    used 7483K, capacity 7925K, committed 7936K, reserved 253952K
}
Event: 55.228 GC heap after
{Heap after GC invocations=9 (full 0):
 garbage-first heap   total 262144K, used 44943K [0x00000000e0000000, 0x0000000100000000)
  region size 1024K, 7 young (7168K), 7 survivors (7168K)
 Metaspace       used 58554K, capacity 59890K, committed 59904K, reserved 307200K
  class space    used 7483K, capacity 7925K, committed 7936K, reserved 253952K
}

